<?xml version="1.0" encoding="UTF-8" ?>
<testsuite failures="0" time="3.488" errors="0" skipped="0" tests="9" name="com.evolverinc.demo.domain.CustomerIntegrationTest">
  <properties>
[...]
</properties>
  <testcase time="3.21" classname="com.evolverinc.demo.domain.CustomerIntegrationTest" name="testFlush"/>
  <testcase time="0.043" classname="com.evolverinc.demo.domain.CustomerIntegrationTest" name="testRemove"/>
  <testcase time="0.026" classname="com.evolverinc.demo.domain.CustomerIntegrationTest" name="testPersist"/>
  <testcase time="0.05" classname="com.evolverinc.demo.domain.CustomerIntegrationTest" name="testFindCustomerEntries"/>
  <testcase time="0.03" classname="com.evolverinc.demo.domain.CustomerIntegrationTest" name="testMergeUpdate"/>
  <testcase time="0.003" classname="com.evolverinc.demo.domain.CustomerIntegrationTest" name="testMarkerMethod"/>
  <testcase time="0.067" classname="com.evolverinc.demo.domain.CustomerIntegrationTest" name="testCountCustomers"/>
  <testcase time="0.031" classname="com.evolverinc.demo.domain.CustomerIntegrationTest" name="testFindCustomer"/>
  <testcase time="0.028" classname="com.evolverinc.demo.domain.CustomerIntegrationTest" name="testFindAllCustomers"/>
</testsuite>